<?xml version="1.0" encoding="UTF-8"?>
<!-- Generated by org.testng.reporters.JUnitReportReporter -->
<testsuite hostname="DESKTOP-J2EVAJP" failures="0" tests="1" name="driverFactory.AppTest" time="131.561" errors="0" timestamp="2024-03-29T16:41:17 IST" skipped="0">
  <testcase classname="driverFactory.AppTest" name="kickstart" time="131.561"/>
</testsuite> <!-- driverFactory.AppTest -->
