<?xml version="1.0" encoding="UTF-8"?>
<!-- Generated by org.testng.reporters.JUnitReportReporter -->
<testsuite hostname="DESKTOP-J2EVAJP" failures="0" tests="1" name="driverFactory.DriverScript" time="41.095" errors="0" timestamp="2024-03-30T19:01:38 IST" skipped="0">
  <testcase classname="driverFactory.DriverScript" name="startTest" time="41.095"/>
</testsuite> <!-- driverFactory.DriverScript -->
